This is pdfTeX, Version 3.141592653-2.6-1.40.22 (TeX Live 2021/W32TeX) (preloaded format=pdflatex 2021.6.4)  4 JUN 2021 21:22
entering extended mode
 restricted \write18 enabled.
 %&-line parsing enabled.
**Trabalho_final.tex
(./Trabalho_final.tex
LaTeX2e <2021-06-01>
L3 programming layer <2021-06-01>
(c:/Users/Gabriel Junqueira/AppData/Roaming/TinyTeX/texmf-dist/tex/latex/base/a
rticle.cls
Document Class: article 2021/02/12 v1.4n Standard LaTeX document class

(c:/Users/Gabriel Junqueira/AppData/Roaming/TinyTeX/texmf-dist/tex/latex/base/s
ize10.clo
File: size10.clo 2021/02/12 v1.4n Standard LaTeX file (size option)
)
\c@part=\count182
\c@section=\count183
\c@subsection=\count184
\c@subsubsection=\count185
\c@paragraph=\count186
\c@subparagraph=\count187
\c@figure=\count188
\c@table=\count189
\abovecaptionskip=\skip47
\belowcaptionskip=\skip48
\bibindent=\dimen138
)
(c:/Users/Gabriel Junqueira/AppData/Roaming/TinyTeX/texmf-dist/tex/latex/graphi
cs/graphicx.sty
Package: graphicx 2020/12/05 v1.2c Enhanced LaTeX Graphics (DPC,SPQR)

(c:/Users/Gabriel Junqueira/AppData/Roaming/TinyTeX/texmf-dist/tex/latex/graphi
cs/keyval.sty
Package: keyval 2014/10/28 v1.15 key=value parser (DPC)
\KV@toks@=\toks16
)
(c:/Users/Gabriel Junqueira/AppData/Roaming/TinyTeX/texmf-dist/tex/latex/graphi
cs/graphics.sty
Package: graphics 2021/03/04 v1.4d Standard LaTeX Graphics (DPC,SPQR)

(c:/Users/Gabriel Junqueira/AppData/Roaming/TinyTeX/texmf-dist/tex/latex/graphi
cs/trig.sty
Package: trig 2016/01/03 v1.10 sin cos tan (DPC)
)
(c:/Users/Gabriel Junqueira/AppData/Roaming/TinyTeX/texmf-dist/tex/latex/graphi
cs-cfg/graphics.cfg
File: graphics.cfg 2016/06/04 v1.11 sample graphics configuration
)
Package graphics Info: Driver file: pdftex.def on input line 107.

(c:/Users/Gabriel Junqueira/AppData/Roaming/TinyTeX/texmf-dist/tex/latex/graphi
cs-def/pdftex.def
File: pdftex.def 2020/10/05 v1.2a Graphics/color driver for pdftex
))
\Gin@req@height=\dimen139
\Gin@req@width=\dimen140
)
(c:/Users/Gabriel Junqueira/AppData/Roaming/TinyTeX/texmf-dist/tex/latex/graphi
cs/color.sty
Package: color 2020/02/24 v1.2b Standard LaTeX Color (DPC)

(c:/Users/Gabriel Junqueira/AppData/Roaming/TinyTeX/texmf-dist/tex/latex/graphi
cs-cfg/color.cfg
File: color.cfg 2016/01/02 v1.6 sample color configuration
)
Package color Info: Driver file: pdftex.def on input line 149.
)
(c:/Users/Gabriel Junqueira/AppData/Roaming/TinyTeX/texmf-dist/tex/latex/framed
/framed.sty
Package: framed 2011/10/22 v 0.96: framed or shaded text with page breaks
\OuterFrameSep=\skip49
\fb@frw=\dimen141
\fb@frh=\dimen142
\FrameRule=\dimen143
\FrameSep=\dimen144
)
(c:/Users/Gabriel Junqueira/AppData/Roaming/TinyTeX/texmf-dist/tex/latex/base/a
lltt.sty
Package: alltt 2021/01/29 v2.0g defines alltt environment
)
(c:/Users/Gabriel Junqueira/AppData/Roaming/TinyTeX/texmf-dist/tex/latex/l3back
end/l3backend-pdftex.def
File: l3backend-pdftex.def 2021-05-07 L3 backend support: PDF output (pdfTeX)
\l__color_backend_stack_int=\count190
\l__pdf_internal_box=\box50
) (./Trabalho_final.aux)
\openout1 = `Trabalho_final.aux'.

LaTeX Font Info:    Checking defaults for OML/cmm/m/it on input line 57.
LaTeX Font Info:    ... okay on input line 57.
LaTeX Font Info:    Checking defaults for OMS/cmsy/m/n on input line 57.
LaTeX Font Info:    ... okay on input line 57.
LaTeX Font Info:    Checking defaults for OT1/cmr/m/n on input line 57.
LaTeX Font Info:    ... okay on input line 57.
LaTeX Font Info:    Checking defaults for T1/cmr/m/n on input line 57.
LaTeX Font Info:    ... okay on input line 57.
LaTeX Font Info:    Checking defaults for TS1/cmr/m/n on input line 57.
LaTeX Font Info:    ... okay on input line 57.
LaTeX Font Info:    Checking defaults for OMX/cmex/m/n on input line 57.
LaTeX Font Info:    ... okay on input line 57.
LaTeX Font Info:    Checking defaults for U/cmr/m/n on input line 57.
LaTeX Font Info:    ... okay on input line 57.

(c:/Users/Gabriel Junqueira/AppData/Roaming/TinyTeX/texmf-dist/tex/latex/epstop
df-pkg/epstopdf-base.sty
Package: epstopdf-base 2020-01-24 v2.11 Base part for package epstopdf
Package epstopdf-base Info: Redefining graphics rule for `.eps' on input line 4
85.

(c:/Users/Gabriel Junqueira/AppData/Roaming/TinyTeX/texmf-dist/tex/latex/latexc
onfig/epstopdf-sys.cfg
File: epstopdf-sys.cfg 2010/07/13 v1.3 Configuration of (r)epstopdf for TeX Liv
e
))
LaTeX Font Info:    External font `cmex10' loaded for size
(Font)              <12> on input line 59.
LaTeX Font Info:    External font `cmex10' loaded for size
(Font)              <8> on input line 59.
LaTeX Font Info:    External font `cmex10' loaded for size
(Font)              <6> on input line 59.
LaTeX Font Info:    External font `cmex10' loaded for size
(Font)              <7> on input line 67.
LaTeX Font Info:    External font `cmex10' loaded for size
(Font)              <5> on input line 67.

Overfull \hbox (110.49258pt too wide) in paragraph at lines 67--92
[][] 
 []

Package color Info: Redefining color shadecolor on input line 96.
<figure/unnamed-chunk-3-1.pdf, id=1, 289.08pt x 289.08pt>
File: figure/unnamed-chunk-3-1.pdf Graphic file (type pdf)
<use figure/unnamed-chunk-3-1.pdf>
Package pdftex.def Info: figure/unnamed-chunk-3-1.pdf  used on input line 97.
(pdftex.def)             Requested size: 289.07928pt x 289.09251pt.
[1

{c:/Users/Gabriel Junqueira/AppData/Roaming/TinyTeX/texmf-var/fonts/map/pdftex/
updmap/pdftex.map}] [2 <./figure/unnamed-chunk-3-1.pdf>]
(./Trabalho_final.aux) ) 
Here is how much of TeX's memory you used:
 1076 strings out of 480517
 18152 string characters out of 5897567
 318234 words of memory out of 5000000
 18775 multiletter control sequences out of 15000+600000
 406773 words of font info for 38 fonts, out of 8000000 for 9000
 14 hyphenation exceptions out of 8191
 57i,7n,66p,257b,244s stack positions out of 5000i,500n,10000p,200000b,80000s
<c:/Users/Gabriel Junqueira/AppData/Roaming/TinyTeX/tex
mf-dist/fonts/type1/public/amsfonts/cm/cmr10.pfb><c:/Users/Gabriel Junqueira/Ap
pData/Roaming/TinyTeX/texmf-dist/fonts/type1/public/amsfonts/cm/cmr12.pfb><c:/U
sers/Gabriel Junqueira/AppData/Roaming/TinyTeX/texmf-dist/fonts/type1/public/am
sfonts/cm/cmr17.pfb>
Output written on Trabalho_final.pdf (2 pages, 49057 bytes).
PDF statistics:
 32 PDF objects out of 1000 (max. 8388607)
 19 compressed objects within 1 object stream
 0 named destinations out of 1000 (max. 500000)
 6 words of extra memory for PDF output out of 10000 (max. 10000000)

